INFO: Found elm at /Users/emartin2/.nvm/versions/node/v6.11.5/bin/elm
INFO: Found elm 0.19.0
INFO: Found elm-format at /Users/emartin2/.nvm/versions/node/v6.11.5/bin/elm-format
INFO: Found elm-format 0.8.0
INFO: Cleaning ./elm-stuff before upgrading
INFO: Converting elm-package.json -> elm.json
INFO: Detected an application project (this project has no exposed modules)
INFO: Switching from elm-lang/core (deprecated) to elm/core
INFO: Installing latest version of elm/core
INFO: Switching from elm-lang/html (deprecated) to elm/html
INFO: Installing latest version of elm/html
WARNING: romstad/elm-chess has not been upgraded to 0.19 yet!
INFO: Installing latest version of rtfeldman/elm-css
INFO: Upgrading *.elm files in ./


SUCCESS! Your project's dependencies and code have been upgraded.
However, your project may not yet compile due to API changes in your
dependencies.

See <https://github.com/elm/compiler/blob/master/upgrade-docs/0.19.md>
and the documentation for your dependencies for more information.

WARNING! 1 of your dependencies have not yet been upgraded to
support Elm 0.19.
  - https://github.com/romstad/elm-chess

Here are some common upgrade steps that you will need to do manually:

- elm/core
  - [ ] Replace uses of toString with String.fromInt, String.fromFloat, or Debug.toString as appropriate
- elm/html
  - [ ] If you used Html.program*, install elm/browser and switch to Browser.element or Browser.document
  - [ ] If you used Html.beginnerProgram, install elm/browser and switch Browser.sandbox

